<?xml version="1.0" encoding="UTF-8"?>
<testng-results skipped="0" failed="0" total="1" passed="1">
  <reporter-output>
  </reporter-output>
  <suite name="Example test run" duration-ms="43" started-at="2019-03-26T05:59:36Z" finished-at="2019-03-26T05:59:36Z">
    <groups>
    </groups>
    <test name="Simple Test" duration-ms="43" started-at="2019-03-26T05:59:36Z" finished-at="2019-03-26T05:59:36Z">
      <class name="samp1.NewTest1">
        <test-method status="PASS" signature="f()[pri:0, instance:samp1.NewTest1@6833ce2c]" name="f" duration-ms="12" started-at="2019-03-26T11:29:36Z" finished-at="2019-03-26T11:29:36Z">
          <reporter-output>
          </reporter-output>
        </test-method> <!-- f -->
      </class> <!-- samp1.NewTest1 -->
    </test> <!-- Simple Test -->
  </suite> <!-- Example test run -->
</testng-results>
